\BOOKMARK [0][-]{chapter.1}{前言}{}% 1
\BOOKMARK [0][-]{chapter.2}{FOREWORD}{}% 2
\BOOKMARK [0][-]{chapter.3}{程序设计和C语言}{}% 3
\BOOKMARK [1][-]{section.3.1}{什么是计算机程序}{chapter.3}% 4
\BOOKMARK [1][-]{section.3.2}{C语言的发展及其特点}{chapter.3}% 5
\BOOKMARK [1][-]{section.3.3}{最简单的C语言程序}{chapter.3}% 6
\BOOKMARK [2][-]{subsection.3.3.1}{最简单的C语言程序举例}{section.3.3}% 7
\BOOKMARK [1][-]{section.3.4}{运行C程序的步骤与方法}{chapter.3}% 8
\BOOKMARK [1][-]{section.3.5}{程序设计的任务}{chapter.3}% 9
\BOOKMARK [0][-]{chapter.4}{算法——程序的灵魂}{}% 10
\BOOKMARK [1][-]{section.4.1}{什么是算法}{chapter.4}% 11
\BOOKMARK [1][-]{section.4.2}{简单的算法举例}{chapter.4}% 12
\BOOKMARK [2][-]{subsection.4.2.1}{用伪代码表示算法}{section.4.2}% 13
\BOOKMARK [1][-]{section.4.3}{结构化程序设计方法}{chapter.4}% 14
\BOOKMARK [0][-]{chapter.5}{最简单的C程序设计——顺序程序设计}{}% 15
\BOOKMARK [1][-]{section.5.1}{C语句}{chapter.5}% 16
\BOOKMARK [2][-]{subsection.5.1.1}{控制语句}{section.5.1}% 17
\BOOKMARK [2][-]{subsection.5.1.2}{函数调用语句}{section.5.1}% 18
\BOOKMARK [2][-]{subsection.5.1.3}{表达式语句}{section.5.1}% 19
\BOOKMARK [2][-]{subsection.5.1.4}{空语句}{section.5.1}% 20
\BOOKMARK [2][-]{subsection.5.1.5}{复合语句}{section.5.1}% 21
\BOOKMARK [1][-]{section.5.2}{习题}{chapter.5}% 22
\BOOKMARK [0][-]{chapter.6}{选择结构程序设计}{}% 23
\BOOKMARK [1][-]{section.6.1}{用switch语句实现多分支选择结构}{chapter.6}% 24
\BOOKMARK [1][-]{section.6.2}{习题}{chapter.6}% 25
